<?xml version="1.0" encoding="UTF-8"?>
<!-- Generated by org.testng.reporters.JUnitReportReporter -->
<testsuite hostname="DESKTOP-SSQUA2G" failures="0" tests="1" name="test_case_one.NewTest" time="3.447" errors="0" timestamp="19 May 2021 13:51:41 GMT">
  <testcase classname="test_case_one.NewTest" name="testCase" time="3.447"/>
</testsuite> <!-- test_case_one.NewTest -->
