<?xml version="1.0" encoding="UTF-8"?>
<!-- Generated by org.testng.reporters.JUnitReportReporter -->
<testsuite hostname="DESKTOP-SSQUA2G" failures="0" tests="1" name="test_case_one.NewTest" time="11.489" errors="0" timestamp="2 Jun 2021 14:37:45 GMT">
  <testcase classname="test_case_one.NewTest" name="careers" time="11.489"/>
</testsuite> <!-- test_case_one.NewTest -->
