<?xml version="1.0" encoding="UTF-8"?>
<!-- Generated by org.testng.reporters.JUnitReportReporter -->
<testsuite hostname="DESKTOP-SSQUA2G" failures="0" tests="2" name="test_case_one.NewTest" time="1.375" errors="0" timestamp="22 May 2021 06:52:31 GMT">
  <testcase classname="test_case_one.NewTest" name="header" time="1.170"/>
  <testcase classname="test_case_one.NewTest" name="services" time="0.205"/>
</testsuite> <!-- test_case_one.NewTest -->
