<?xml version="1.0" encoding="UTF-8"?>
<!-- Generated by org.testng.reporters.JUnitReportReporter -->
<testsuite hostname="DESKTOP-SSQUA2G" failures="0" tests="2" name="test_case_one.NewTest" time="4.111" errors="0" timestamp="18 May 2021 14:20:27 GMT">
  <testcase classname="test_case_one.NewTest" name="f" time="1.715"/>
  <testcase classname="test_case_one.NewTest" name="navigateToUrl" time="2.396"/>
</testsuite> <!-- test_case_one.NewTest -->
